# JRE version: OpenJDK Runtime Environment Temurin-17.0.1+12 (17.0.1+12) (build 17.0.1+12)
# Java VM: OpenJDK 64-Bit Server VM Temurin-17.0.1+12 (17.0.1+12, mixed mode, emulated-client, tiered, compressed oops, compressed class ptrs, g1 gc, windows-amd64)
GC Precious Log:
 CPUs: 4 total, 4 available
 Memory: 3548M
 Large Page Support: Disabled
 NUMA Support: Disabled
 Compressed Oops: Enabled (32-bit)
 Heap Region Size: 1M
 Heap Min Capacity: 8M
 Heap Initial Capacity: 56M
 Heap Max Capacity: 888M
 Pre-touch: Disabled
 Parallel Workers: 4
 Concurrent Workers: 1
 Concurrent Refinement Workers: 4
 Periodic GC: Disabled
Heap:
 garbage-first heap   total 92160K, used 63166K [0x00000000c8800000, 0x0000000100000000)
  region size 1024K, 40 young (40960K), 6 survivors (6144K)
 Metaspace       used 73635K, committed 74112K, reserved 1114112K
  class space    used 9879K, committed 10112K, reserved 1048576K
GC Heap History (20 events):
Event: 8.068 GC heap before
{Heap before GC invocations=17 (full 0):
 garbage-first heap   total 58368K, used 18287K [0x00000000c8800000, 0x0000000100000000)
  region size 1024K, 5 young (5120K), 4 survivors (4096K)
 Metaspace       used 38659K, committed 39040K, reserved 1089536K
  class space    used 4807K, committed 4992K, reserved 1048576K
}
Event: 8.079 GC heap after
{Heap after GC invocations=18 (full 0):
 garbage-first heap   total 58368K, used 17817K [0x00000000c8800000, 0x0000000100000000)
  region size 1024K, 1 young (1024K), 1 survivors (1024K)
 Metaspace       used 38659K, committed 39040K, reserved 1089536K
  class space    used 4807K, committed 4992K, reserved 1048576K
}
Event: 8.214 GC heap before
{Heap before GC invocations=18 (full 0):
 garbage-first heap   total 58368K, used 45465K [0x00000000c8800000, 0x0000000100000000)
  region size 1024K, 29 young (29696K), 1 survivors (1024K)
 Metaspace       used 39004K, committed 39360K, reserved 1089536K
  class space    used 4836K, committed 4992K, reserved 1048576K
}
Event: 8.218 GC heap after
{Heap after GC invocations=19 (full 0):
 garbage-first heap   total 58368K, used 17436K [0x00000000c8800000, 0x0000000100000000)
  region size 1024K, 1 young (1024K), 1 survivors (1024K)
 Metaspace       used 39004K, committed 39360K, reserved 1089536K
  class space    used 4836K, committed 4992K, reserved 1048576K
}
Event: 8.700 GC heap before
{Heap before GC invocations=19 (full 0):
 garbage-first heap   total 58368K, used 46108K [0x00000000c8800000, 0x0000000100000000)
  region size 1024K, 30 young (30720K), 1 survivors (1024K)
 Metaspace       used 40163K, committed 40512K, reserved 1089536K
  class space    used 5029K, committed 5184K, reserved 1048576K
}
Event: 8.707 GC heap after
{Heap after GC invocations=20 (full 0):
 garbage-first heap   total 131072K, used 17779K [0x00000000c8800000, 0x0000000100000000)
  region size 1024K, 1 young (1024K), 1 survivors (1024K)
 Metaspace       used 40163K, committed 40512K, reserved 1089536K
  class space    used 5029K, committed 5184K, reserved 1048576K
}
Event: 10.439 GC heap before
{Heap before GC invocations=20 (full 0):
 garbage-first heap   total 131072K, used 94579K [0x00000000c8800000, 0x0000000100000000)
  region size 1024K, 76 young (77824K), 1 survivors (1024K)
 Metaspace       used 47219K, committed 47616K, reserved 1097728K
  class space    used 6154K, committed 6336K, reserved 1048576K
}
Event: 10.448 GC heap after
{Heap after GC invocations=21 (full 0):
 garbage-first heap   total 131072K, used 19658K [0x00000000c8800000, 0x0000000100000000)
  region size 1024K, 3 young (3072K), 3 survivors (3072K)
 Metaspace       used 47219K, committed 47616K, reserved 1097728K
  class space    used 6154K, committed 6336K, reserved 1048576K
}
Event: 12.178 GC heap before
{Heap before GC invocations=21 (full 0):
 garbage-first heap   total 131072K, used 93386K [0x00000000c8800000, 0x0000000100000000)
  region size 1024K, 76 young (77824K), 3 survivors (3072K)
 Metaspace       used 55817K, committed 56192K, reserved 1097728K
  class space    used 7300K, committed 7488K, reserved 1048576K
}
Event: 12.188 GC heap after
{Heap after GC invocations=22 (full 0):
 garbage-first heap   total 131072K, used 22361K [0x00000000c8800000, 0x0000000100000000)
  region size 1024K, 6 young (6144K), 6 survivors (6144K)
 Metaspace       used 55817K, committed 56192K, reserved 1097728K
  class space    used 7300K, committed 7488K, reserved 1048576K
}
Event: 13.217 GC heap before
{Heap before GC invocations=22 (full 0):
 garbage-first heap   total 131072K, used 67417K [0x00000000c8800000, 0x0000000100000000)
  region size 1024K, 52 young (53248K), 6 survivors (6144K)
 Metaspace       used 59917K, committed 60288K, reserved 1105920K
  class space    used 7951K, committed 8128K, reserved 1048576K
}
Event: 13.229 GC heap after
{Heap after GC invocations=23 (full 0):
 garbage-first heap   total 131072K, used 23229K [0x00000000c8800000, 0x0000000100000000)
  region size 1024K, 6 young (6144K), 6 survivors (6144K)
 Metaspace       used 59917K, committed 60288K, reserved 1105920K
  class space    used 7951K, committed 8128K, reserved 1048576K
}
Event: 15.481 GC heap before
{Heap before GC invocations=24 (full 0):
 garbage-first heap   total 92160K, used 72381K [0x00000000c8800000, 0x0000000100000000)
  region size 1024K, 54 young (55296K), 6 survivors (6144K)
 Metaspace       used 63724K, committed 64192K, reserved 1105920K
  class space    used 8507K, committed 8768K, reserved 1048576K
}
Event: 15.495 GC heap after
{Heap after GC invocations=25 (full 0):
 garbage-first heap   total 92160K, used 24718K [0x00000000c8800000, 0x0000000100000000)
  region size 1024K, 6 young (6144K), 6 survivors (6144K)
 Metaspace       used 63724K, committed 64192K, reserved 1105920K
  class space    used 8507K, committed 8768K, reserved 1048576K
}
Event: 15.515 GC heap before
{Heap before GC invocations=25 (full 0):
 garbage-first heap   total 92160K, used 25742K [0x00000000c8800000, 0x0000000100000000)
  region size 1024K, 7 young (7168K), 6 survivors (6144K)
 Metaspace       used 63742K, committed 64192K, reserved 1105920K
  class space    used 8511K, committed 8768K, reserved 1048576K
}
Event: 15.524 GC heap after
{Heap after GC invocations=26 (full 0):
 garbage-first heap   total 92160K, used 25337K [0x00000000c8800000, 0x0000000100000000)
  region size 1024K, 1 young (1024K), 1 survivors (1024K)
 Metaspace       used 63742K, committed 64192K, reserved 1105920K
  class space    used 8511K, committed 8768K, reserved 1048576K
}
Event: 16.865 GC heap before
{Heap before GC invocations=26 (full 0):
 garbage-first heap   total 92160K, used 77561K [0x00000000c8800000, 0x0000000100000000)
  region size 1024K, 52 young (53248K), 1 survivors (1024K)
 Metaspace       used 67323K, committed 67776K, reserved 1114112K
  class space    used 9035K, committed 9280K, reserved 1048576K
}
Event: 16.874 GC heap after
{Heap after GC invocations=27 (full 0):
 garbage-first heap   total 92160K, used 27268K [0x00000000c8800000, 0x0000000100000000)
  region size 1024K, 3 young (3072K), 3 survivors (3072K)
 Metaspace       used 67323K, committed 67776K, reserved 1114112K
  class space    used 9035K, committed 9280K, reserved 1048576K
}
Event: 19.428 GC heap before
{Heap before GC invocations=28 (full 0):
 garbage-first heap   total 92160K, used 75396K [0x00000000c8800000, 0x0000000100000000)
  region size 1024K, 51 young (52224K), 3 survivors (3072K)
 Metaspace       used 71074K, committed 71488K, reserved 1114112K
  class space    used 9549K, committed 9728K, reserved 1048576K
}
Event: 19.445 GC heap after
{Heap after GC invocations=29 (full 0):
 garbage-first heap   total 92160K, used 30398K [0x00000000c8800000, 0x0000000100000000)
  region size 1024K, 6 young (6144K), 6 survivors (6144K)
 Metaspace       used 71074K, committed 71488K, reserved 1114112K
  class space    used 9549K, committed 9728K, reserved 1048576K
}

